<?xml version="1.0" encoding="UTF-8"?>
<!-- Generated by org.testng.reporters.JUnitReportReporter -->
<testsuite skipped="0" hostname="DESKTOP-J9B575D" name="test_login.Login_Test" tests="1" failures="0" timestamp="19 Apr 2020 00:12:58 GMT" time="18.243" errors="1">
  <testcase name="logintest" time="18.243" classname="test_login.Login_Test">
    <error type="org.openqa.selenium.WebDriverException" message="Returned value cannot be converted to WebElement: {stacktrace=Backtrace:
	Ordinal0 [0x003C0C83+1707139]
	Ordinal0 [0x003268F1+1075441]
	Ordinal0 [0x0029DE72+515698]
	Ordinal0 [0x00231C77+72823]
	Ordinal0 [0x00232DC0+77248]
	Ordinal0 [0x00232D59+77145]
	Ordinal0 [0x0033BB67+1162087]
	GetHandleVerifier [0x0045A966+508998]
	GetHandleVerifier [0x0045A6A4+508292]
	GetHandleVerifier [0x0046F7B7+594583]
	GetHandleVerifier [0x0045B1D6+511158]
	Ordinal0 [0x0033402C+1130540]
	Ordinal0 [0x0033D4CB+1168587]
	Ordinal0 [0x0033D633+1168947]
	Ordinal0 [0x00355B35+1268533]
	BaseThreadInitThunk [0x771D6359+25]
	RtlGetAppContainerNamedObjectPath [0x77B07B74+228]
	RtlGetAppContainerNamedObjectPath [0x77B07B44+180]
, error=invalid session id, message=invalid session id}
Build info: version: &#039;2.53.1&#039;, revision: &#039;a36b8b1cd5757287168e54b817830adce9b0158d&#039;, time: &#039;2016-06-30 19:26:09&#039;
System info: host: &#039;DESKTOP-J9B575D&#039;, ip: &#039;192.168.0.105&#039;, os.name: &#039;Windows 10&#039;, os.arch: &#039;amd64&#039;, os.version: &#039;10.0&#039;, java.version: &#039;1.8.0_241&#039;
Driver info: driver.version: RemoteWebDriver">
      <![CDATA[org.openqa.selenium.WebDriverException: Returned value cannot be converted to WebElement: {stacktrace=Backtrace:
Ordinal0 [0x003C0C83+1707139]
Ordinal0 [0x003268F1+1075441]
Ordinal0 [0x0029DE72+515698]
Ordinal0 [0x00231C77+72823]
Ordinal0 [0x00232DC0+77248]
Ordinal0 [0x00232D59+77145]
Ordinal0 [0x0033BB67+1162087]
GetHandleVerifier [0x0045A966+508998]
GetHandleVerifier [0x0045A6A4+508292]
GetHandleVerifier [0x0046F7B7+594583]
GetHandleVerifier [0x0045B1D6+511158]
Ordinal0 [0x0033402C+1130540]
Ordinal0 [0x0033D4CB+1168587]
Ordinal0 [0x0033D633+1168947]
Ordinal0 [0x00355B35+1268533]
BaseThreadInitThunk [0x771D6359+25]
RtlGetAppContainerNamedObjectPath [0x77B07B74+228]
RtlGetAppContainerNamedObjectPath [0x77B07B44+180]
, error=invalid session id, message=invalid session id}
Build info: version: '2.53.1', revision: 'a36b8b1cd5757287168e54b817830adce9b0158d', time: '2016-06-30 19:26:09'
System info: host: 'DESKTOP-J9B575D', ip: '192.168.0.105', os.name: 'Windows 10', os.arch: 'amd64', os.version: '10.0', java.version: '1.8.0_241'
Driver info: driver.version: RemoteWebDriver
at org.openqa.selenium.remote.RemoteWebDriver.findElement(RemoteWebDriver.java:370)
at org.openqa.selenium.remote.RemoteWebDriver.findElementByXPath(RemoteWebDriver.java:500)
at org.openqa.selenium.By$ByXPath.findElement(By.java:361)
at org.openqa.selenium.remote.RemoteWebDriver.findElement(RemoteWebDriver.java:355)
at org.openqa.selenium.support.pagefactory.DefaultElementLocator.findElement(DefaultElementLocator.java:69)
at org.openqa.selenium.support.pagefactory.internal.LocatingElementHandler.invoke(LocatingElementHandler.java:38)
at com.sun.proxy.$Proxy7.sendKeys(Unknown Source)
at pages.Login.loginmethod1(Login.java:38)
at test_login.Login_Test.logintest(Login_Test.java:39)
at sun.reflect.NativeMethodAccessorImpl.invoke0(Native Method)
at sun.reflect.NativeMethodAccessorImpl.invoke(NativeMethodAccessorImpl.java:62)
at sun.reflect.DelegatingMethodAccessorImpl.invoke(DelegatingMethodAccessorImpl.java:43)
at java.lang.reflect.Method.invoke(Method.java:498)
at org.testng.internal.MethodInvocationHelper.invokeMethod(MethodInvocationHelper.java:124)
at org.testng.internal.Invoker.invokeMethod(Invoker.java:583)
at org.testng.internal.Invoker.invokeTestMethod(Invoker.java:719)
at org.testng.internal.Invoker.invokeTestMethods(Invoker.java:989)
at org.testng.internal.TestMethodWorker.invokeTestMethods(TestMethodWorker.java:125)
at org.testng.internal.TestMethodWorker.run(TestMethodWorker.java:109)
at org.testng.TestRunner.privateRun(TestRunner.java:648)
at org.testng.TestRunner.run(TestRunner.java:505)
at org.testng.SuiteRunner.runTest(SuiteRunner.java:455)
at org.testng.SuiteRunner.runSequentially(SuiteRunner.java:450)
at org.testng.SuiteRunner.privateRun(SuiteRunner.java:415)
at org.testng.SuiteRunner.run(SuiteRunner.java:364)
at org.testng.SuiteRunnerWorker.runSuite(SuiteRunnerWorker.java:52)
at org.testng.SuiteRunnerWorker.run(SuiteRunnerWorker.java:84)
at org.testng.TestNG.runSuitesSequentially(TestNG.java:1208)
at org.testng.TestNG.runSuitesLocally(TestNG.java:1137)
at org.testng.TestNG.runSuites(TestNG.java:1049)
at org.testng.TestNG.run(TestNG.java:1017)
at org.testng.remote.AbstractRemoteTestNG.run(AbstractRemoteTestNG.java:115)
at org.testng.remote.RemoteTestNG.initAndRun(RemoteTestNG.java:251)
at org.testng.remote.RemoteTestNG.main(RemoteTestNG.java:77)
Caused by: java.lang.ClassCastException: com.google.common.collect.Maps$TransformedEntriesMap cannot be cast to org.openqa.selenium.WebElement
at org.openqa.selenium.remote.RemoteWebDriver.findElement(RemoteWebDriver.java:368)
... 33 more
]]>
    </error>
  </testcase> <!-- logintest -->
</testsuite> <!-- test_login.Login_Test -->
